<?xml version="1.0" encoding="UTF-8"?>
<!-- Generated by org.testng.reporters.JUnitXMLReporter -->
<testsuite ignored="13" hostname="mayvelmarvy" failures="0" tests="14" name="Test" time="20.982" errors="0" timestamp="2022-02-16T21:53:16 EET">
  <testcase classname="register.RegisterTests" name="RegisterSuccessfully" time="2.776"/>
  <testcase classname="Logout.LogoutTests" name="logoutCheck" time="0.801"/>
  <testcase classname="login.FailedLogin" name="testFailedLogin" time="0.838"/>
  <testcase classname="login.LoginTests" name="Successfullogin" time="1.121"/>
  <testcase classname="loan.LoanTests" name="RequestLoanSuccessfully" time="1.287"/>
  <testcase classname="Account.AccountOverviewTests" name="getTableRows" time="2.552"/>
  <testcase classname="Bill.BillFailNameTests" name="TestBillFailName" time="1.779"/>
  <testcase classname="Bill.BillFailVerifyTests" name="TestBillFailVerify" time="1.704"/>
  <testcase classname="Bill.BillPassTests" name="TestBillPass" time="1.758"/>
  <testcase classname="transferfund.TransferFundTests" name="TransferfundSuccessfully" time="1.076"/>
  <testcase classname="New_Account.OpenNewAccountTests" name="openNewAccountTest" time="0.804"/>
  <testcase classname="Update_Account.UPdateAccountTests" name="updateAccountFNameTest" time="1.414"/>
  <testcase classname="Customer_Care.ContactFailEmilTests" name="contactFailEmail" time="1.37"/>
  <testcase classname="Customer_Care.ContactPassTests" name="contactTest" time="1.452"/>
  <testcase classname="Project.ParaBank.BankBaseTests" name="@BeforeSuite setup" time="0.0">
    <ignored/>
  </testcase> <!-- @BeforeSuite setup -->
  <testcase classname="Project.ParaBank.BankBaseTests" name="@BeforeSuite setup" time="0.0">
    <ignored/>
  </testcase> <!-- @BeforeSuite setup -->
  <testcase classname="Project.ParaBank.BankBaseTests" name="@BeforeSuite setup" time="0.0">
    <ignored/>
  </testcase> <!-- @BeforeSuite setup -->
  <testcase classname="Project.ParaBank.BankBaseTests" name="@BeforeSuite setup" time="0.0">
    <ignored/>
  </testcase> <!-- @BeforeSuite setup -->
  <testcase classname="Project.ParaBank.BankBaseTests" name="@BeforeSuite setup" time="0.0">
    <ignored/>
  </testcase> <!-- @BeforeSuite setup -->
  <testcase classname="Project.ParaBank.BankBaseTests" name="@BeforeSuite setup" time="0.0">
    <ignored/>
  </testcase> <!-- @BeforeSuite setup -->
  <testcase classname="Project.ParaBank.BankBaseTests" name="@BeforeSuite setup" time="0.0">
    <ignored/>
  </testcase> <!-- @BeforeSuite setup -->
  <testcase classname="Project.ParaBank.BankBaseTests" name="@BeforeSuite setup" time="0.0">
    <ignored/>
  </testcase> <!-- @BeforeSuite setup -->
  <testcase classname="Project.ParaBank.BankBaseTests" name="@BeforeSuite setup" time="0.0">
    <ignored/>
  </testcase> <!-- @BeforeSuite setup -->
  <testcase classname="Project.ParaBank.BankBaseTests" name="@BeforeSuite setup" time="0.0">
    <ignored/>
  </testcase> <!-- @BeforeSuite setup -->
  <testcase classname="Project.ParaBank.BankBaseTests" name="@BeforeSuite setup" time="0.0">
    <ignored/>
  </testcase> <!-- @BeforeSuite setup -->
  <testcase classname="Project.ParaBank.BankBaseTests" name="@BeforeSuite setup" time="0.0">
    <ignored/>
  </testcase> <!-- @BeforeSuite setup -->
  <testcase classname="Project.ParaBank.BankBaseTests" name="@BeforeSuite setup" time="0.0">
    <ignored/>
  </testcase> <!-- @BeforeSuite setup -->
</testsuite> <!-- Test -->
